生成启动时间为 2015/12/9 6:02:41。
     1>项目“F:\workspace\c++\rtmp\library\tinyxml_2_6_2\tinyxml\tinyxml_lib.vcxproj”在节点 2 上(Build 个目标)。
     1>ClCompile:
         D:\setup\Visual Studio 15\VC\bin\CL.exe /c /ZI /nologo /W4 /WX- /Od /Oy- /D WIN32 /D _DEBUG /D _LIB /D _VC80_UPGRADE=0x0600 /D _MBCS /Gm /EHsc /RTC1 /MTd /GS /fp:precise /Zc:wchar_t /Zc:forScope /Zc:inline /Fo"F:\workspace\c++\rtmp\library\tinyxml_2_6_2\tinyxml\Debugtinyxml\\" /Fd"F:\workspace\c++\rtmp\library\tinyxml_2_6_2\tinyxml\Debugtinyxml\tinyxml.pdb" /FR"F:\workspace\c++\rtmp\library\tinyxml_2_6_2\tinyxml\Debugtinyxml\\" /Gd /TP /analyze- /errorReport:prompt tinystr.cpp tinyxml.cpp tinyxmlerror.cpp tinyxmlparser.cpp
         tinyxmlparser.cpp
         tinyxmlerror.cpp
         tinyxml.cpp
     1>f:\workspace\c++\rtmp\library\tinyxml_2_6_2\tinyxml\tinyxml.cpp(670): warning C4458: “value”的声明隐藏了类成员
         f:\workspace\c++\rtmp\library\tinyxml_2_6_2\tinyxml\tinyxml.h(761): note: 参见“TiXmlNode::value”的声明
         tinystr.cpp
         正在生成代码...
       Lib:
         D:\setup\Visual Studio 15\VC\bin\Lib.exe /OUT:"F:\workspace\c++\rtmp\library\tinyxml_2_6_2\tinyxml\Debugtinyxml\tinyxml.lib" /NOLOGO F:\workspace\c++\rtmp\library\tinyxml_2_6_2\tinyxml\Debugtinyxml\tinystr.obj
         F:\workspace\c++\rtmp\library\tinyxml_2_6_2\tinyxml\Debugtinyxml\tinyxml.obj
         F:\workspace\c++\rtmp\library\tinyxml_2_6_2\tinyxml\Debugtinyxml\tinyxmlerror.obj
         F:\workspace\c++\rtmp\library\tinyxml_2_6_2\tinyxml\Debugtinyxml\tinyxmlparser.obj
         tinyxml_lib.vcxproj -> F:\workspace\c++\rtmp\library\tinyxml_2_6_2\tinyxml\Debugtinyxml\tinyxml.lib
       BscMake:
         D:\setup\Visual Studio 15\VC\bin\bscmake.exe /nologo /o"F:\workspace\c++\rtmp\library\tinyxml_2_6_2\tinyxml\Debugtinyxml\tinyxml.bsc" F:\workspace\c++\rtmp\library\tinyxml_2_6_2\tinyxml\Debugtinyxml\tinystr.sbr F:\workspace\c++\rtmp\library\tinyxml_2_6_2\tinyxml\Debugtinyxml\tinyxml.sbr F:\workspace\c++\rtmp\library\tinyxml_2_6_2\tinyxml\Debugtinyxml\tinyxmlerror.sbr F:\workspace\c++\rtmp\library\tinyxml_2_6_2\tinyxml\Debugtinyxml\tinyxmlparser.sbr
     1>已完成生成项目“F:\workspace\c++\rtmp\library\tinyxml_2_6_2\tinyxml\tinyxml_lib.vcxproj”(Build 个目标)的操作。

已成功生成。

已用时间 00:00:00.89
